{
"contracts\\simpleswap.sol":{"l":{"79":16,"80":16,"82":16,"83":16,"85":16,"86":9,"87":9,"89":7,"90":7,"93":16,"94":16,"103":13,"138":4,"139":2,"140":2,"141":2,"142":2,"144":2,"145":2,"146":2,"147":2,"176":6,"177":5,"179":4,"182":4,"183":4,"184":4,"186":4,"187":4,"188":4,"189":4,"190":4,"192":0,"194":0,"195":0,"196":0,"197":0,"199":0,"200":0,"201":0,"202":0,"205":0,"206":0,"207":0,"210":4,"211":4,"212":4,"214":4,"215":4,"217":4,"218":4,"219":4,"221":4,"246":3,"247":3,"248":2,"250":2,"251":2,"252":2,"254":2,"255":2,"257":2,"258":2,"260":2,"261":2,"263":2,"264":2,"265":2,"267":2,"268":2,"270":2,"289":2,"291":1,"292":1,"294":1,"295":1,"297":1,"303":1,"304":1,"306":1,"307":0,"308":0,"310":1,"311":1,"314":1,"316":0,"318":0,"320":0,"321":0,"323":0,"324":0,"325":0,"327":0,"328":0,"331":0,"333":0,"349":2,"350":1,"352":1,"353":1,"355":1,"357":1,"367":3,"369":3,"370":3,"372":3,"373":1,"374":1,"376":2,"377":2,"380":3,"381":1,"383":1,"392":4,"393":4,"394":4,"395":4,"396":46,"397":46,"400":0,"409":1},"path":"C:\\Users\\Zimmer2014\\Downloads\\eth-tp4\\simpleswap_tp4\\packages\\hardhat\\contracts\\simpleswap.sol","s":{"1":16,"2":16,"3":16,"4":16,"5":16,"6":13,"7":4,"8":6,"9":5,"10":4,"11":4,"12":4,"13":4,"14":4,"15":4,"16":0,"17":0,"18":0,"19":0,"20":0,"21":0,"22":0,"23":4,"24":4,"25":4,"26":4,"27":4,"28":4,"29":3,"30":3,"31":2,"32":2,"33":2,"34":2,"35":2,"36":2,"37":2,"38":2,"39":2,"40":2,"41":2,"42":2,"43":1,"44":1,"45":1,"46":1,"47":1,"48":1,"49":1,"50":1,"51":1,"52":0,"53":0,"54":0,"55":0,"56":0,"57":0,"58":0,"59":2,"60":1,"61":1,"62":1,"63":1,"64":3,"65":3,"66":3,"67":3,"68":3,"69":1,"70":4,"71":4,"72":4,"73":0,"74":1},"b":{"1":[16,0],"2":[16,0],"3":[9,7],"4":[12,1],"5":[6,6],"6":[2,2],"7":[4,1],"8":[4,0],"9":[4,0],"10":[0,0],"11":[0,0],"12":[0,0],"13":[0,0],"14":[4,0],"15":[4,0],"16":[4,0],"17":[2,1],"18":[2,0],"19":[2,0],"20":[2,0],"21":[2,0],"22":[2,0],"23":[1,1],"24":[1,0],"25":[1,0],"26":[0,1],"27":[0,1],"28":[0,1],"29":[0,0],"30":[0,0],"31":[0,0],"32":[1,1],"33":[1,0],"34":[1,0],"35":[1,2],"36":[1,2],"37":[1,0],"38":[4,0],"39":[0,0]},"f":{"1":16,"2":13,"3":4,"4":6,"5":3,"6":2,"7":2,"8":3,"9":4,"10":1},"fnMap":{"1":{"name":"constructor","line":78,"loc":{"start":{"line":78,"column":4},"end":{"line":95,"column":4}}},"2":{"name":"_validateTokens","line":102,"loc":{"start":{"line":102,"column":4},"end":{"line":108,"column":4}}},"3":{"name":"_mapAmountsToCanonicalOrder","line":122,"loc":{"start":{"line":122,"column":4},"end":{"line":149,"column":4}}},"4":{"name":"addLiquidity","line":166,"loc":{"start":{"line":166,"column":4},"end":{"line":222,"column":4}}},"5":{"name":"removeLiquidity","line":237,"loc":{"start":{"line":237,"column":4},"end":{"line":271,"column":4}}},"6":{"name":"swapExactTokensForTokens","line":282,"loc":{"start":{"line":282,"column":4},"end":{"line":334,"column":4}}},"7":{"name":"getAmountOut","line":344,"loc":{"start":{"line":344,"column":4},"end":{"line":358,"column":4}}},"8":{"name":"getPrice","line":366,"loc":{"start":{"line":366,"column":4},"end":{"line":384,"column":4}}},"9":{"name":"sqrt","line":391,"loc":{"start":{"line":391,"column":4},"end":{"line":402,"column":4}}},"10":{"name":"getCurrentTimestamp","line":408,"loc":{"start":{"line":408,"column":4},"end":{"line":410,"column":4}}}},"statementMap":{"1":{"start":{"line":79,"column":8},"end":{"line":79,"column":90}},"2":{"start":{"line":80,"column":8},"end":{"line":80,"column":69}},"3":{"start":{"line":82,"column":8},"end":{"line":82,"column":31}},"4":{"start":{"line":83,"column":8},"end":{"line":83,"column":31}},"5":{"start":{"line":85,"column":8},"end":{"line":85,"column":3298}},"6":{"start":{"line":103,"column":8},"end":{"line":103,"column":3905}},"7":{"start":{"line":138,"column":8},"end":{"line":138,"column":5206}},"8":{"start":{"line":176,"column":8},"end":{"line":176,"column":38}},"9":{"start":{"line":177,"column":8},"end":{"line":177,"column":66}},"10":{"start":{"line":179,"column":8},"end":{"line":179,"column":6967}},"11":{"start":{"line":182,"column":8},"end":{"line":182,"column":49}},"12":{"start":{"line":183,"column":8},"end":{"line":183,"column":49}},"13":{"start":{"line":184,"column":8},"end":{"line":184,"column":49}},"14":{"start":{"line":186,"column":8},"end":{"line":186,"column":7222}},"15":{"start":{"line":187,"column":12},"end":{"line":187,"column":101}},"16":{"start":{"line":192,"column":12},"end":{"line":192,"column":92}},"17":{"start":{"line":194,"column":12},"end":{"line":194,"column":7675}},"18":{"start":{"line":195,"column":16},"end":{"line":195,"column":95}},"19":{"start":{"line":199,"column":16},"end":{"line":199,"column":96}},"20":{"start":{"line":200,"column":16},"end":{"line":200,"column":95}},"21":{"start":{"line":205,"column":12},"end":{"line":205,"column":93}},"22":{"start":{"line":206,"column":12},"end":{"line":206,"column":93}},"23":{"start":{"line":210,"column":8},"end":{"line":210,"column":72}},"24":{"start":{"line":211,"column":8},"end":{"line":211,"column":92}},"25":{"start":{"line":212,"column":8},"end":{"line":212,"column":92}},"26":{"start":{"line":214,"column":8},"end":{"line":214,"column":85}},"27":{"start":{"line":215,"column":8},"end":{"line":215,"column":85}},"28":{"start":{"line":221,"column":8},"end":{"line":221,"column":76}},"29":{"start":{"line":246,"column":8},"end":{"line":246,"column":38}},"30":{"start":{"line":247,"column":8},"end":{"line":247,"column":66}},"31":{"start":{"line":248,"column":8},"end":{"line":248,"column":72}},"32":{"start":{"line":250,"column":8},"end":{"line":250,"column":49}},"33":{"start":{"line":251,"column":8},"end":{"line":251,"column":49}},"34":{"start":{"line":252,"column":8},"end":{"line":252,"column":49}},"35":{"start":{"line":254,"column":8},"end":{"line":254,"column":104}},"36":{"start":{"line":255,"column":8},"end":{"line":255,"column":107}},"37":{"start":{"line":260,"column":8},"end":{"line":260,"column":85}},"38":{"start":{"line":261,"column":8},"end":{"line":261,"column":85}},"39":{"start":{"line":267,"column":8},"end":{"line":267,"column":57}},"40":{"start":{"line":268,"column":8},"end":{"line":268,"column":57}},"41":{"start":{"line":270,"column":8},"end":{"line":270,"column":77}},"42":{"start":{"line":289,"column":8},"end":{"line":289,"column":67}},"43":{"start":{"line":291,"column":8},"end":{"line":291,"column":40}},"44":{"start":{"line":292,"column":8},"end":{"line":292,"column":66}},"45":{"start":{"line":294,"column":8},"end":{"line":294,"column":33}},"46":{"start":{"line":295,"column":8},"end":{"line":295,"column":34}},"47":{"start":{"line":297,"column":8},"end":{"line":297,"column":12495}},"48":{"start":{"line":303,"column":8},"end":{"line":303,"column":22}},"49":{"start":{"line":304,"column":8},"end":{"line":304,"column":23}},"50":{"start":{"line":306,"column":8},"end":{"line":306,"column":12788}},"51":{"start":{"line":314,"column":8},"end":{"line":314,"column":94}},"52":{"start":{"line":316,"column":8},"end":{"line":316,"column":72}},"53":{"start":{"line":318,"column":8},"end":{"line":318,"column":70}},"54":{"start":{"line":320,"column":8},"end":{"line":320,"column":83}},"55":{"start":{"line":321,"column":8},"end":{"line":321,"column":63}},"56":{"start":{"line":323,"column":8},"end":{"line":323,"column":13433}},"57":{"start":{"line":331,"column":8},"end":{"line":331,"column":47}},"58":{"start":{"line":333,"column":8},"end":{"line":333,"column":73}},"59":{"start":{"line":349,"column":8},"end":{"line":349,"column":69}},"60":{"start":{"line":350,"column":8},"end":{"line":350,"column":85}},"61":{"start":{"line":352,"column":8},"end":{"line":352,"column":46}},"62":{"start":{"line":353,"column":8},"end":{"line":353,"column":47}},"63":{"start":{"line":357,"column":8},"end":{"line":357,"column":63}},"64":{"start":{"line":367,"column":8},"end":{"line":367,"column":48}},"65":{"start":{"line":369,"column":8},"end":{"line":369,"column":22}},"66":{"start":{"line":370,"column":8},"end":{"line":370,"column":22}},"67":{"start":{"line":372,"column":8},"end":{"line":372,"column":15234}},"68":{"start":{"line":380,"column":8},"end":{"line":380,"column":57}},"69":{"start":{"line":381,"column":8},"end":{"line":381,"column":57}},"70":{"start":{"line":392,"column":8},"end":{"line":392,"column":15886}},"71":{"start":{"line":394,"column":12},"end":{"line":394,"column":30}},"72":{"start":{"line":395,"column":12},"end":{"line":395,"column":15969}},"73":{"start":{"line":399,"column":15},"end":{"line":399,"column":16074}},"74":{"start":{"line":409,"column":8},"end":{"line":409,"column":30}}},"branchMap":{"1":{"line":79,"type":"if","locations":[{"start":{"line":79,"column":8},"end":{"line":79,"column":8}},{"start":{"line":79,"column":8},"end":{"line":79,"column":8}}]},"2":{"line":80,"type":"if","locations":[{"start":{"line":80,"column":8},"end":{"line":80,"column":8}},{"start":{"line":80,"column":8},"end":{"line":80,"column":8}}]},"3":{"line":85,"type":"if","locations":[{"start":{"line":85,"column":8},"end":{"line":85,"column":8}},{"start":{"line":85,"column":8},"end":{"line":85,"column":8}}]},"4":{"line":103,"type":"if","locations":[{"start":{"line":103,"column":8},"end":{"line":103,"column":8}},{"start":{"line":103,"column":8},"end":{"line":103,"column":8}}]},"5":{"line":104,"type":"cond-expr","locations":[{"start":{"line":104,"column":12},"end":{"line":104,"column":67}},{"start":{"line":105,"column":12},"end":{"line":105,"column":67}}]},"6":{"line":138,"type":"if","locations":[{"start":{"line":138,"column":8},"end":{"line":138,"column":8}},{"start":{"line":138,"column":8},"end":{"line":138,"column":8}}]},"7":{"line":177,"type":"if","locations":[{"start":{"line":177,"column":8},"end":{"line":177,"column":8}},{"start":{"line":177,"column":8},"end":{"line":177,"column":8}}]},"8":{"line":186,"type":"if","locations":[{"start":{"line":186,"column":8},"end":{"line":186,"column":8}},{"start":{"line":186,"column":8},"end":{"line":186,"column":8}}]},"9":{"line":187,"type":"if","locations":[{"start":{"line":187,"column":12},"end":{"line":187,"column":12}},{"start":{"line":187,"column":12},"end":{"line":187,"column":12}}]},"10":{"line":194,"type":"if","locations":[{"start":{"line":194,"column":12},"end":{"line":194,"column":12}},{"start":{"line":194,"column":12},"end":{"line":194,"column":12}}]},"11":{"line":195,"type":"if","locations":[{"start":{"line":195,"column":16},"end":{"line":195,"column":16}},{"start":{"line":195,"column":16},"end":{"line":195,"column":16}}]},"12":{"line":200,"type":"if","locations":[{"start":{"line":200,"column":16},"end":{"line":200,"column":16}},{"start":{"line":200,"column":16},"end":{"line":200,"column":16}}]},"13":{"line":207,"type":"if","locations":[{"start":{"line":207,"column":64},"end":{"line":207,"column":77}},{"start":{"line":207,"column":81},"end":{"line":207,"column":94}}]},"14":{"line":210,"type":"if","locations":[{"start":{"line":210,"column":8},"end":{"line":210,"column":8}},{"start":{"line":210,"column":8},"end":{"line":210,"column":8}}]},"15":{"line":211,"type":"if","locations":[{"start":{"line":211,"column":8},"end":{"line":211,"column":8}},{"start":{"line":211,"column":8},"end":{"line":211,"column":8}}]},"16":{"line":212,"type":"if","locations":[{"start":{"line":212,"column":8},"end":{"line":212,"column":8}},{"start":{"line":212,"column":8},"end":{"line":212,"column":8}}]},"17":{"line":247,"type":"if","locations":[{"start":{"line":247,"column":8},"end":{"line":247,"column":8}},{"start":{"line":247,"column":8},"end":{"line":247,"column":8}}]},"18":{"line":248,"type":"if","locations":[{"start":{"line":248,"column":8},"end":{"line":248,"column":8}},{"start":{"line":248,"column":8},"end":{"line":248,"column":8}}]},"19":{"line":254,"type":"if","locations":[{"start":{"line":254,"column":8},"end":{"line":254,"column":8}},{"start":{"line":254,"column":8},"end":{"line":254,"column":8}}]},"20":{"line":255,"type":"if","locations":[{"start":{"line":255,"column":8},"end":{"line":255,"column":8}},{"start":{"line":255,"column":8},"end":{"line":255,"column":8}}]},"21":{"line":260,"type":"if","locations":[{"start":{"line":260,"column":8},"end":{"line":260,"column":8}},{"start":{"line":260,"column":8},"end":{"line":260,"column":8}}]},"22":{"line":261,"type":"if","locations":[{"start":{"line":261,"column":8},"end":{"line":261,"column":8}},{"start":{"line":261,"column":8},"end":{"line":261,"column":8}}]},"23":{"line":289,"type":"if","locations":[{"start":{"line":289,"column":8},"end":{"line":289,"column":8}},{"start":{"line":289,"column":8},"end":{"line":289,"column":8}}]},"24":{"line":292,"type":"if","locations":[{"start":{"line":292,"column":8},"end":{"line":292,"column":8}},{"start":{"line":292,"column":8},"end":{"line":292,"column":8}}]},"25":{"line":297,"type":"if","locations":[{"start":{"line":297,"column":8},"end":{"line":297,"column":8}},{"start":{"line":297,"column":8},"end":{"line":297,"column":8}}]},"26":{"line":298,"type":"cond-expr","locations":[{"start":{"line":298,"column":12},"end":{"line":298,"column":70}},{"start":{"line":299,"column":12},"end":{"line":299,"column":70}}]},"27":{"line":306,"type":"if","locations":[{"start":{"line":306,"column":8},"end":{"line":306,"column":8}},{"start":{"line":306,"column":8},"end":{"line":306,"column":8}}]},"28":{"line":314,"type":"if","locations":[{"start":{"line":314,"column":8},"end":{"line":314,"column":8}},{"start":{"line":314,"column":8},"end":{"line":314,"column":8}}]},"29":{"line":320,"type":"if","locations":[{"start":{"line":320,"column":8},"end":{"line":320,"column":8}},{"start":{"line":320,"column":8},"end":{"line":320,"column":8}}]},"30":{"line":321,"type":"if","locations":[{"start":{"line":321,"column":8},"end":{"line":321,"column":8}},{"start":{"line":321,"column":8},"end":{"line":321,"column":8}}]},"31":{"line":323,"type":"if","locations":[{"start":{"line":323,"column":8},"end":{"line":323,"column":8}},{"start":{"line":323,"column":8},"end":{"line":323,"column":8}}]},"32":{"line":349,"type":"if","locations":[{"start":{"line":349,"column":8},"end":{"line":349,"column":8}},{"start":{"line":349,"column":8},"end":{"line":349,"column":8}}]},"33":{"line":350,"type":"if","locations":[{"start":{"line":350,"column":8},"end":{"line":350,"column":8}},{"start":{"line":350,"column":8},"end":{"line":350,"column":8}}]},"34":{"line":357,"type":"if","locations":[{"start":{"line":357,"column":8},"end":{"line":357,"column":8}},{"start":{"line":357,"column":8},"end":{"line":357,"column":8}}]},"35":{"line":372,"type":"if","locations":[{"start":{"line":372,"column":8},"end":{"line":372,"column":8}},{"start":{"line":372,"column":8},"end":{"line":372,"column":8}}]},"36":{"line":380,"type":"if","locations":[{"start":{"line":380,"column":8},"end":{"line":380,"column":8}},{"start":{"line":380,"column":8},"end":{"line":380,"column":8}}]},"37":{"line":381,"type":"if","locations":[{"start":{"line":381,"column":8},"end":{"line":381,"column":8}},{"start":{"line":381,"column":8},"end":{"line":381,"column":8}}]},"38":{"line":392,"type":"if","locations":[{"start":{"line":392,"column":8},"end":{"line":392,"column":8}},{"start":{"line":392,"column":8},"end":{"line":392,"column":8}}]},"39":{"line":399,"type":"if","locations":[{"start":{"line":399,"column":15},"end":{"line":399,"column":15}},{"start":{"line":399,"column":15},"end":{"line":399,"column":15}}]}}},
"contracts\\XmenCoin.sol":{"l":{"30":16,"40":0},"path":"C:\\Users\\Zimmer2014\\Downloads\\eth-tp4\\simpleswap_tp4\\packages\\hardhat\\contracts\\XmenCoin.sol","s":{"1":16,"2":0},"b":{"1":[0,0]},"f":{"1":16,"2":0},"fnMap":{"1":{"name":"constructor","line":29,"loc":{"start":{"line":29,"column":4},"end":{"line":31,"column":4}}},"2":{"name":"mint","line":39,"loc":{"start":{"line":39,"column":4},"end":{"line":41,"column":4}}}},"statementMap":{"1":{"start":{"line":30,"column":8},"end":{"line":30,"column":40}},"2":{"start":{"line":40,"column":8},"end":{"line":40,"column":24}}},"branchMap":{"1":{"line":39,"type":"if","locations":[{"start":{"line":39,"column":53},"end":{"line":39,"column":53}},{"start":{"line":39,"column":53},"end":{"line":39,"column":53}}]}}},
"contracts\\ZimmerCoin.sol":{"l":{"30":16,"40":0},"path":"C:\\Users\\Zimmer2014\\Downloads\\eth-tp4\\simpleswap_tp4\\packages\\hardhat\\contracts\\ZimmerCoin.sol","s":{"1":16,"2":0},"b":{"1":[0,0]},"f":{"1":16,"2":0},"fnMap":{"1":{"name":"constructor","line":29,"loc":{"start":{"line":29,"column":4},"end":{"line":31,"column":4}}},"2":{"name":"mint","line":39,"loc":{"start":{"line":39,"column":4},"end":{"line":41,"column":4}}}},"statementMap":{"1":{"start":{"line":30,"column":8},"end":{"line":30,"column":40}},"2":{"start":{"line":40,"column":8},"end":{"line":40,"column":24}}},"branchMap":{"1":{"line":39,"type":"if","locations":[{"start":{"line":39,"column":53},"end":{"line":39,"column":53}},{"start":{"line":39,"column":53},"end":{"line":39,"column":53}}]}}}}
