TN:
SF:C:\Users\Zimmer2014\Downloads\eth-tp4\simpleswap_tp4\packages\hardhat\contracts\simpleswap.sol
FN:78,constructor
FN:102,_validateTokens
FN:122,_mapAmountsToCanonicalOrder
FN:166,addLiquidity
FN:237,removeLiquidity
FN:282,swapExactTokensForTokens
FN:344,getAmountOut
FN:366,getPrice
FN:391,sqrt
FN:408,getCurrentTimestamp
FNF:10
FNH:10
FNDA:16,constructor
FNDA:13,_validateTokens
FNDA:4,_mapAmountsToCanonicalOrder
FNDA:6,addLiquidity
FNDA:3,removeLiquidity
FNDA:2,swapExactTokensForTokens
FNDA:2,getAmountOut
FNDA:3,getPrice
FNDA:4,sqrt
FNDA:1,getCurrentTimestamp
DA:79,16
DA:80,16
DA:82,16
DA:83,16
DA:85,16
DA:86,9
DA:87,9
DA:89,7
DA:90,7
DA:93,16
DA:94,16
DA:103,13
DA:138,4
DA:139,2
DA:140,2
DA:141,2
DA:142,2
DA:144,2
DA:145,2
DA:146,2
DA:147,2
DA:176,6
DA:177,5
DA:179,4
DA:182,4
DA:183,4
DA:184,4
DA:186,4
DA:187,4
DA:188,4
DA:189,4
DA:190,4
DA:192,0
DA:194,0
DA:195,0
DA:196,0
DA:197,0
DA:199,0
DA:200,0
DA:201,0
DA:202,0
DA:205,0
DA:206,0
DA:207,0
DA:210,4
DA:211,4
DA:212,4
DA:214,4
DA:215,4
DA:217,4
DA:218,4
DA:219,4
DA:221,4
DA:246,3
DA:247,3
DA:248,2
DA:250,2
DA:251,2
DA:252,2
DA:254,2
DA:255,2
DA:257,2
DA:258,2
DA:260,2
DA:261,2
DA:263,2
DA:264,2
DA:265,2
DA:267,2
DA:268,2
DA:270,2
DA:289,2
DA:291,1
DA:292,1
DA:294,1
DA:295,1
DA:297,1
DA:303,1
DA:304,1
DA:306,1
DA:307,0
DA:308,0
DA:310,1
DA:311,1
DA:314,1
DA:316,0
DA:318,0
DA:320,0
DA:321,0
DA:323,0
DA:324,0
DA:325,0
DA:327,0
DA:328,0
DA:331,0
DA:333,0
DA:349,2
DA:350,1
DA:352,1
DA:353,1
DA:355,1
DA:357,1
DA:367,3
DA:369,3
DA:370,3
DA:372,3
DA:373,1
DA:374,1
DA:376,2
DA:377,2
DA:380,3
DA:381,1
DA:383,1
DA:392,4
DA:393,4
DA:394,4
DA:395,4
DA:396,46
DA:397,46
DA:400,0
DA:409,1
LF:121
LH:95
BRDA:79,1,0,16
BRDA:79,1,1,0
BRDA:80,2,0,16
BRDA:80,2,1,0
BRDA:85,3,0,9
BRDA:85,3,1,7
BRDA:103,4,0,12
BRDA:103,4,1,1
BRDA:104,5,0,6
BRDA:104,5,1,6
BRDA:138,6,0,2
BRDA:138,6,1,2
BRDA:177,7,0,4
BRDA:177,7,1,1
BRDA:186,8,0,4
BRDA:186,8,1,0
BRDA:187,9,0,4
BRDA:187,9,1,0
BRDA:194,10,0,0
BRDA:194,10,1,0
BRDA:195,11,0,0
BRDA:195,11,1,0
BRDA:200,12,0,0
BRDA:200,12,1,0
BRDA:207,13,0,0
BRDA:207,13,1,0
BRDA:210,14,0,4
BRDA:210,14,1,0
BRDA:211,15,0,4
BRDA:211,15,1,0
BRDA:212,16,0,4
BRDA:212,16,1,0
BRDA:247,17,0,2
BRDA:247,17,1,1
BRDA:248,18,0,2
BRDA:248,18,1,0
BRDA:254,19,0,2
BRDA:254,19,1,0
BRDA:255,20,0,2
BRDA:255,20,1,0
BRDA:260,21,0,2
BRDA:260,21,1,0
BRDA:261,22,0,2
BRDA:261,22,1,0
BRDA:289,23,0,1
BRDA:289,23,1,1
BRDA:292,24,0,1
BRDA:292,24,1,0
BRDA:297,25,0,1
BRDA:297,25,1,0
BRDA:298,26,0,0
BRDA:298,26,1,1
BRDA:306,27,0,0
BRDA:306,27,1,1
BRDA:314,28,0,0
BRDA:314,28,1,1
BRDA:320,29,0,0
BRDA:320,29,1,0
BRDA:321,30,0,0
BRDA:321,30,1,0
BRDA:323,31,0,0
BRDA:323,31,1,0
BRDA:349,32,0,1
BRDA:349,32,1,1
BRDA:350,33,0,1
BRDA:350,33,1,0
BRDA:357,34,0,1
BRDA:357,34,1,0
BRDA:372,35,0,1
BRDA:372,35,1,2
BRDA:380,36,0,1
BRDA:380,36,1,2
BRDA:381,37,0,1
BRDA:381,37,1,0
BRDA:392,38,0,4
BRDA:392,38,1,0
BRDA:399,39,0,0
BRDA:399,39,1,0
BRF:78
BRH:41
end_of_record
TN:
SF:C:\Users\Zimmer2014\Downloads\eth-tp4\simpleswap_tp4\packages\hardhat\contracts\XmenCoin.sol
FN:29,constructor
FN:39,mint
FNF:2
FNH:1
FNDA:16,constructor
FNDA:0,mint
DA:30,16
DA:40,0
LF:2
LH:1
BRDA:39,1,0,0
BRDA:39,1,1,0
BRF:2
BRH:0
end_of_record
TN:
SF:C:\Users\Zimmer2014\Downloads\eth-tp4\simpleswap_tp4\packages\hardhat\contracts\ZimmerCoin.sol
FN:29,constructor
FN:39,mint
FNF:2
FNH:1
FNDA:16,constructor
FNDA:0,mint
DA:30,16
DA:40,0
LF:2
LH:1
BRDA:39,1,0,0
BRDA:39,1,1,0
BRF:2
BRH:0
end_of_record
